<?xml version="1.0" encoding="UTF-8"?>
<!-- Generated by org.testng.reporters.JUnitXMLReporter -->
<testsuite hostname="DESKTOP-O5L0H30" ignored="0" name="home" tests="3" failures="0" timestamp="2020-08-14T13:53:58 EDT" time="28.014" errors="0">
  <testcase name="HomePageVerification" time="7.515" classname="Bootcamp.HomeDepot.HomePageTest"/>
  <testcase name="RegisterPageVerification" time="2.414" classname="Bootcamp.HomeDepot.HomePageTest"/>
  <testcase name="ContactInformationPageVerification" time="2.936" classname="Bootcamp.HomeDepot.HomePageTest"/>
</testsuite> <!-- home -->
